temp/DemoEx/build/luaandroid/dist/DemoEx/build/outputs/logs/manifest-merger-debug-report.txt
-- Merging decision tree log ---
manifest
ADDED from dist/DemoEx/AndroidManifest.xml:2:1-46:12
INJECTED from dist/DemoEx/AndroidManifest.xml:2:1-46:12
INJECTED from dist/DemoEx/AndroidManifest.xml:2:1-46:12
INJECTED from dist/DemoEx/AndroidManifest.xml:2:1-46:12
MERGED from [com.android.support:multidex:1.0.2] AndroidManifest.xml:17:1-22:12
MERGED from [com.android.support:recyclerview-v7:26.0.0] AndroidManifest.xml:17:1-28:12
MERGED from [com.android.support:appcompat-v7:26.0.0] AndroidManifest.xml:17:1-31:12
MERGED from [:cms:] AndroidManifest.xml:2:1-19:12
MERGED from [:syncv2library-release:] AndroidManifest.xml:2:1-21:12
MERGED from [com.android.support:support-v4:26.0.0] AndroidManifest.xml:17:1-31:12
MERGED from [com.android.support:animated-vector-drawable:26.0.0] AndroidManifest.xml:17:1-28:12
MERGED from [com.android.support:support-fragment:26.0.0] AndroidManifest.xml:17:1-31:12
MERGED from [com.android.support:support-core-ui:26.0.0] AndroidManifest.xml:17:1-31:12
MERGED from [com.android.support:support-vector-drawable:26.0.0] AndroidManifest.xml:17:1-28:12
MERGED from [com.android.support:support-media-compat:26.0.0] AndroidManifest.xml:17:1-31:12
MERGED from [com.android.support:support-core-utils:26.0.0] AndroidManifest.xml:17:1-31:12
MERGED from [com.android.support:support-compat:26.0.0] AndroidManifest.xml:17:1-31:12
INJECTED from dist/DemoEx/AndroidManifest.xml:2:1-46:12
INJECTED from dist/DemoEx/AndroidManifest.xml:2:1-46:12
INJECTED from dist/DemoEx/AndroidManifest.xml:2:1-46:12
	package
		ADDED from dist/DemoEx/AndroidManifest.xml:4:4-32
		INJECTED from dist/DemoEx/AndroidManifest.xml
		INJECTED from dist/DemoEx/AndroidManifest.xml
	android:versionName
		ADDED from dist/DemoEx/AndroidManifest.xml:5:7-34
		INJECTED from dist/DemoEx/AndroidManifest.xml
		INJECTED from dist/DemoEx/AndroidManifest.xml
	xmlns:tools
		ADDED from dist/DemoEx/AndroidManifest.xml:3:7-53
	xmlns:android
		ADDED from dist/DemoEx/AndroidManifest.xml:2:11-69
	android:versionCode
		ADDED from dist/DemoEx/AndroidManifest.xml:5:35-58
		INJECTED from dist/DemoEx/AndroidManifest.xml
		INJECTED from dist/DemoEx/AndroidManifest.xml
application
ADDED from dist/DemoEx/AndroidManifest.xml:6:5-32:16
MERGED from [com.android.support:recyclerview-v7:26.0.0] AndroidManifest.xml:22:5-26:19
MERGED from [com.android.support:recyclerview-v7:26.0.0] AndroidManifest.xml:22:5-26:19
MERGED from [com.android.support:appcompat-v7:26.0.0] AndroidManifest.xml:25:5-29:19
MERGED from [com.android.support:appcompat-v7:26.0.0] AndroidManifest.xml:25:5-29:19
MERGED from [:cms:] AndroidManifest.xml:13:5-17:19
MERGED from [:cms:] AndroidManifest.xml:13:5-17:19
MERGED from [:syncv2library-release:] AndroidManifest.xml:15:5-19:19
MERGED from [:syncv2library-release:] AndroidManifest.xml:15:5-19:19
MERGED from [com.android.support:support-v4:26.0.0] AndroidManifest.xml:25:5-29:19
MERGED from [com.android.support:support-v4:26.0.0] AndroidManifest.xml:25:5-29:19
MERGED from [com.android.support:animated-vector-drawable:26.0.0] AndroidManifest.xml:22:5-26:19
MERGED from [com.android.support:animated-vector-drawable:26.0.0] AndroidManifest.xml:22:5-26:19
MERGED from [com.android.support:support-fragment:26.0.0] AndroidManifest.xml:25:5-29:19
MERGED from [com.android.support:support-fragment:26.0.0] AndroidManifest.xml:25:5-29:19
MERGED from [com.android.support:support-core-ui:26.0.0] AndroidManifest.xml:25:5-29:19
MERGED from [com.android.support:support-core-ui:26.0.0] AndroidManifest.xml:25:5-29:19
MERGED from [com.android.support:support-vector-drawable:26.0.0] AndroidManifest.xml:22:5-26:19
MERGED from [com.android.support:support-vector-drawable:26.0.0] AndroidManifest.xml:22:5-26:19
MERGED from [com.android.support:support-media-compat:26.0.0] AndroidManifest.xml:25:5-29:19
MERGED from [com.android.support:support-media-compat:26.0.0] AndroidManifest.xml:25:5-29:19
MERGED from [com.android.support:support-core-utils:26.0.0] AndroidManifest.xml:25:5-29:19
MERGED from [com.android.support:support-core-utils:26.0.0] AndroidManifest.xml:25:5-29:19
MERGED from [com.android.support:support-compat:26.0.0] AndroidManifest.xml:25:5-29:19
MERGED from [com.android.support:support-compat:26.0.0] AndroidManifest.xml:25:5-29:19
	android:label
		ADDED from dist/DemoEx/AndroidManifest.xml:6:118-150
	android:icon
		ADDED from dist/DemoEx/AndroidManifest.xml:6:151-187
	tools:remove
		ADDED from dist/DemoEx/AndroidManifest.xml:6:18-44
	tools:replace
		ADDED from dist/DemoEx/AndroidManifest.xml:6:45-65
	android:name
		ADDED from dist/DemoEx/AndroidManifest.xml:6:66-117
activity#com.orgname.DemoEx.DemoEx
ADDED from dist/DemoEx/AndroidManifest.xml:7:9-18:12
	android:screenOrientation
		ADDED from dist/DemoEx/AndroidManifest.xml:7:240-274
	android:label
		ADDED from dist/DemoEx/AndroidManifest.xml:7:93-125
	android:launchMode
		ADDED from dist/DemoEx/AndroidManifest.xml:7:126-157
	android:windowSoftInputMode
		ADDED from dist/DemoEx/AndroidManifest.xml:7:275-317
	android:configChanges
		ADDED from dist/DemoEx/AndroidManifest.xml:7:158-239
	android:theme
		ADDED from dist/DemoEx/AndroidManifest.xml:7:19-69
	android:name
		ADDED from dist/DemoEx/AndroidManifest.xml:7:70-92
intent-filter#action:name:android.intent.action.MAIN+category:name:android.intent.category.LAUNCHER
ADDED from dist/DemoEx/AndroidManifest.xml:8:13-11:29
action#android.intent.action.MAIN
ADDED from dist/DemoEx/AndroidManifest.xml:9:17-69
	android:name
		ADDED from dist/DemoEx/AndroidManifest.xml:9:25-66
category#android.intent.category.LAUNCHER
ADDED from dist/DemoEx/AndroidManifest.xml:10:17-77
	android:name
		ADDED from dist/DemoEx/AndroidManifest.xml:10:27-74
intent-filter#action:name:android.intent.action.SEARCH+category:name:android.intent.category.DEFAULT
ADDED from dist/DemoEx/AndroidManifest.xml:14:14-181
action#android.intent.action.SEARCH
ADDED from dist/DemoEx/AndroidManifest.xml:14:37-91
	android:name
		ADDED from dist/DemoEx/AndroidManifest.xml:14:45-88
category#android.intent.category.DEFAULT
ADDED from dist/DemoEx/AndroidManifest.xml:14:99-158
	android:name
		ADDED from dist/DemoEx/AndroidManifest.xml:14:109-155
meta-data#android.app.searchable
ADDED from dist/DemoEx/AndroidManifest.xml:15:14-114
	android:resource
		ADDED from dist/DemoEx/AndroidManifest.xml:15:77-111
	android:name
		ADDED from dist/DemoEx/AndroidManifest.xml:15:32-69
meta-data#android.app.default_searchable
ADDED from dist/DemoEx/AndroidManifest.xml:24:3-98
	android:value
		ADDED from dist/DemoEx/AndroidManifest.xml:24:70-95
	android:name
		ADDED from dist/DemoEx/AndroidManifest.xml:24:14-59
provider#com.orgname.DemoEx.DemoExSearchSuggestionProvider
ADDED from dist/DemoEx/AndroidManifest.xml:25:3-155
	android:authorities
		ADDED from dist/DemoEx/AndroidManifest.xml:25:13-78
	android:name
		ADDED from dist/DemoEx/AndroidManifest.xml:25:88-152
supports-screens
ADDED from dist/DemoEx/AndroidManifest.xml:35:2-167
	android:largeScreens
		ADDED from dist/DemoEx/AndroidManifest.xml:35:106-134
	android:smallScreens
		ADDED from dist/DemoEx/AndroidManifest.xml:35:47-75
	android:normalScreens
		ADDED from dist/DemoEx/AndroidManifest.xml:35:76-105
	android:xlargeScreens
		ADDED from dist/DemoEx/AndroidManifest.xml:35:135-164
	android:anyDensity
		ADDED from dist/DemoEx/AndroidManifest.xml:35:20-46
uses-sdk
ADDED from dist/DemoEx/AndroidManifest.xml:36:2-72
MERGED from [com.android.support:multidex:1.0.2] AndroidManifest.xml:20:5-43
MERGED from [com.android.support:multidex:1.0.2] AndroidManifest.xml:20:5-43
MERGED from [com.android.support:recyclerview-v7:26.0.0] AndroidManifest.xml:20:5-44
MERGED from [com.android.support:recyclerview-v7:26.0.0] AndroidManifest.xml:20:5-44
MERGED from [com.android.support:appcompat-v7:26.0.0] AndroidManifest.xml:21:5-23:78
MERGED from [com.android.support:appcompat-v7:26.0.0] AndroidManifest.xml:21:5-23:78
MERGED from [:cms:] AndroidManifest.xml:7:5-9:41
MERGED from [:cms:] AndroidManifest.xml:7:5-9:41
MERGED from [:syncv2library-release:] AndroidManifest.xml:8:5-10:41
MERGED from [:syncv2library-release:] AndroidManifest.xml:8:5-10:41
MERGED from [com.android.support:support-v4:26.0.0] AndroidManifest.xml:21:5-23:54
MERGED from [com.android.support:support-v4:26.0.0] AndroidManifest.xml:21:5-23:54
MERGED from [com.android.support:animated-vector-drawable:26.0.0] AndroidManifest.xml:20:5-44
MERGED from [com.android.support:animated-vector-drawable:26.0.0] AndroidManifest.xml:20:5-44
MERGED from [com.android.support:support-fragment:26.0.0] AndroidManifest.xml:21:5-23:60
MERGED from [com.android.support:support-fragment:26.0.0] AndroidManifest.xml:21:5-23:60
MERGED from [com.android.support:support-core-ui:26.0.0] AndroidManifest.xml:21:5-23:58
MERGED from [com.android.support:support-core-ui:26.0.0] AndroidManifest.xml:21:5-23:58
MERGED from [com.android.support:support-vector-drawable:26.0.0] AndroidManifest.xml:20:5-44
MERGED from [com.android.support:support-vector-drawable:26.0.0] AndroidManifest.xml:20:5-44
MERGED from [com.android.support:support-media-compat:26.0.0] AndroidManifest.xml:21:5-23:63
MERGED from [com.android.support:support-media-compat:26.0.0] AndroidManifest.xml:21:5-23:63
MERGED from [com.android.support:support-core-utils:26.0.0] AndroidManifest.xml:21:5-23:61
MERGED from [com.android.support:support-core-utils:26.0.0] AndroidManifest.xml:21:5-23:61
MERGED from [com.android.support:support-compat:26.0.0] AndroidManifest.xml:21:5-23:58
MERGED from [com.android.support:support-compat:26.0.0] AndroidManifest.xml:21:5-23:58
	tools:overrideLibrary
		ADDED from [com.android.support:appcompat-v7:26.0.0] AndroidManifest.xml:23:9-75
	android:targetSdkVersion
		ADDED from dist/DemoEx/AndroidManifest.xml:36:13-42
	android:minSdkVersion
		ADDED from dist/DemoEx/AndroidManifest.xml:36:43-70
uses-permission#android.permission.READ_PHONE_STATE
ADDED from dist/DemoEx/AndroidManifest.xml:37:3-72
MERGED from [:cms:] AndroidManifest.xml:11:5-75
MERGED from [:cms:] AndroidManifest.xml:11:5-75
	android:name
		ADDED from dist/DemoEx/AndroidManifest.xml:37:20-70
uses-permission#android.permission.ACCESS_NETWORK_STATE
ADDED from dist/DemoEx/AndroidManifest.xml:38:2-75
MERGED from [:syncv2library-release:] AndroidManifest.xml:13:5-79
MERGED from [:syncv2library-release:] AndroidManifest.xml:13:5-79
	android:name
		ADDED from dist/DemoEx/AndroidManifest.xml:38:19-73
uses-permission#android.permission.INTERNET
ADDED from dist/DemoEx/AndroidManifest.xml:39:2-63
MERGED from [:syncv2library-release:] AndroidManifest.xml:12:5-67
MERGED from [:syncv2library-release:] AndroidManifest.xml:12:5-67
	android:name
		ADDED from dist/DemoEx/AndroidManifest.xml:39:19-61
meta-data#android.support.VERSION
ADDED from [com.android.support:recyclerview-v7:26.0.0] AndroidManifest.xml:23:9-25:38
MERGED from [com.android.support:appcompat-v7:26.0.0] AndroidManifest.xml:26:9-28:38
MERGED from [com.android.support:appcompat-v7:26.0.0] AndroidManifest.xml:26:9-28:38
MERGED from [com.android.support:support-v4:26.0.0] AndroidManifest.xml:26:9-28:38
MERGED from [com.android.support:support-v4:26.0.0] AndroidManifest.xml:26:9-28:38
MERGED from [com.android.support:animated-vector-drawable:26.0.0] AndroidManifest.xml:23:9-25:38
MERGED from [com.android.support:animated-vector-drawable:26.0.0] AndroidManifest.xml:23:9-25:38
MERGED from [com.android.support:support-fragment:26.0.0] AndroidManifest.xml:26:9-28:38
MERGED from [com.android.support:support-fragment:26.0.0] AndroidManifest.xml:26:9-28:38
MERGED from [com.android.support:support-core-ui:26.0.0] AndroidManifest.xml:26:9-28:38
MERGED from [com.android.support:support-core-ui:26.0.0] AndroidManifest.xml:26:9-28:38
MERGED from [com.android.support:support-vector-drawable:26.0.0] AndroidManifest.xml:23:9-25:38
MERGED from [com.android.support:support-vector-drawable:26.0.0] AndroidManifest.xml:23:9-25:38
MERGED from [com.android.support:support-media-compat:26.0.0] AndroidManifest.xml:26:9-28:38
MERGED from [com.android.support:support-media-compat:26.0.0] AndroidManifest.xml:26:9-28:38
MERGED from [com.android.support:support-core-utils:26.0.0] AndroidManifest.xml:26:9-28:38
MERGED from [com.android.support:support-core-utils:26.0.0] AndroidManifest.xml:26:9-28:38
MERGED from [com.android.support:support-compat:26.0.0] AndroidManifest.xml:26:9-28:38
MERGED from [com.android.support:support-compat:26.0.0] AndroidManifest.xml:26:9-28:38
	android:value
		ADDED from [com.android.support:recyclerview-v7:26.0.0] AndroidManifest.xml:25:13-35
	android:name
		ADDED from [com.android.support:recyclerview-v7:26.0.0] AndroidManifest.xml:24:13-51
service#com.kony.sdkcommons.Network.NetworkCore.KNYHttpService
ADDED from [:cms:] AndroidManifest.xml:14:9-16:40
MERGED from [:syncv2library-release:] AndroidManifest.xml:16:9-18:40
MERGED from [:syncv2library-release:] AndroidManifest.xml:16:9-18:40
	android:exported
		ADDED from [:cms:] AndroidManifest.xml:16:13-37
	android:name
		ADDED from [:cms:] AndroidManifest.xml:15:13-82